17:33:24 **** Incremental Build of configuration TriCore Debug (TASKING) for project HelloWorld ****
amk -j12 all 
TASKING VX-toolset for AURIX Development Studio (non-commercial): program builder v1.1r8 Build 22011964
cctc -cs --dep-file="Libraries/iLLD/TC27D/Tricore/_Impl/IfxMtu_cfg.d" --misrac-version=2004 -D__CPU__=tc27xd "-fC:/Users/USER/AURIX-v1.10.6-workspace/HelloWorld/TriCore Debug (TASKING)/TASKING_C_C___Compiler-Include_paths__-I_.opt" --iso=99 --c++14 --language=+volatile --exceptions --anachronisms --fp-model=3 -O0 --tradeoff=4 --compact-max-size=200 -g -Wc-w544 -Wc-w557 -Ctc27xd -Y0 -N0 -Z0 -o "Libraries/iLLD/TC27D/Tricore/_Impl/IfxMtu_cfg.src" "../Libraries/iLLD/TC27D/Tricore/_Impl/IfxMtu_cfg.c"
cctc -cs --dep-file="Libraries/iLLD/TC27D/Tricore/Stm/Std/IfxStm.d" --misrac-version=2004 -D__CPU__=tc27xd "-fC:/Users/USER/AURIX-v1.10.6-workspace/HelloWorld/TriCore Debug (TASKING)/TASKING_C_C___Compiler-Include_paths__-I_.opt" --iso=99 --c++14 --language=+volatile --exceptions --anachronisms --fp-model=3 -O0 --tradeoff=4 --compact-max-size=200 -g -Wc-w544 -Wc-w557 -Ctc27xd -Y0 -N0 -Z0 -o "Libraries/iLLD/TC27D/Tricore/Stm/Std/IfxStm.src" "../Libraries/iLLD/TC27D/Tricore/Stm/Std/IfxStm.c"
cctc -cs --dep-file="Libraries/iLLD/TC27D/Tricore/Scu/Std/IfxScuCcu.d" --misrac-version=2004 -D__CPU__=tc27xd "-fC:/Users/USER/AURIX-v1.10.6-workspace/HelloWorld/TriCore Debug (TASKING)/TASKING_C_C___Compiler-Include_paths__-I_.opt" --iso=99 --c++14 --language=+volatile --exceptions --anachronisms --fp-model=3 -O0 --tradeoff=4 --compact-max-size=200 -g -Wc-w544 -Wc-w557 -Ctc27xd -Y0 -N0 -Z0 -o "Libraries/iLLD/TC27D/Tricore/Scu/Std/IfxScuCcu.src" "../Libraries/iLLD/TC27D/Tricore/Scu/Std/IfxScuCcu.c"
cctc -cs --dep-file="Libraries/iLLD/TC27D/Tricore/Scu/Std/IfxScuEru.d" --misrac-version=2004 -D__CPU__=tc27xd "-fC:/Users/USER/AURIX-v1.10.6-workspace/HelloWorld/TriCore Debug (TASKING)/TASKING_C_C___Compiler-Include_paths__-I_.opt" --iso=99 --c++14 --language=+volatile --exceptions --anachronisms --fp-model=3 -O0 --tradeoff=4 --compact-max-size=200 -g -Wc-w544 -Wc-w557 -Ctc27xd -Y0 -N0 -Z0 -o "Libraries/iLLD/TC27D/Tricore/Scu/Std/IfxScuEru.src" "../Libraries/iLLD/TC27D/Tricore/Scu/Std/IfxScuEru.c"
cctc -cs --dep-file="Libraries/iLLD/TC27D/Tricore/Scu/Std/IfxScuWdt.d" --misrac-version=2004 -D__CPU__=tc27xd "-fC:/Users/USER/AURIX-v1.10.6-workspace/HelloWorld/TriCore Debug (TASKING)/TASKING_C_C___Compiler-Include_paths__-I_.opt" --iso=99 --c++14 --language=+volatile --exceptions --anachronisms --fp-model=3 -O0 --tradeoff=4 --compact-max-size=200 -g -Wc-w544 -Wc-w557 -Ctc27xd -Y0 -N0 -Z0 -o "Libraries/iLLD/TC27D/Tricore/Scu/Std/IfxScuWdt.src" "../Libraries/iLLD/TC27D/Tricore/Scu/Std/IfxScuWdt.c"
cctc -cs --dep-file="Libraries/iLLD/TC27D/Tricore/Mtu/Std/IfxMtu.d" --misrac-version=2004 -D__CPU__=tc27xd "-fC:/Users/USER/AURIX-v1.10.6-workspace/HelloWorld/TriCore Debug (TASKING)/TASKING_C_C___Compiler-Include_paths__-I_.opt" --iso=99 --c++14 --language=+volatile --exceptions --anachronisms --fp-model=3 -O0 --tradeoff=4 --compact-max-size=200 -g -Wc-w544 -Wc-w557 -Ctc27xd -Y0 -N0 -Z0 -o "Libraries/iLLD/TC27D/Tricore/Mtu/Std/IfxMtu.src" "../Libraries/iLLD/TC27D/Tricore/Mtu/Std/IfxMtu.c"
cctc -cs --dep-file="Libraries/iLLD/TC27D/Tricore/Gtm/Std/IfxGtm.d" --misrac-version=2004 -D__CPU__=tc27xd "-fC:/Users/USER/AURIX-v1.10.6-workspace/HelloWorld/TriCore Debug (TASKING)/TASKING_C_C___Compiler-Include_paths__-I_.opt" --iso=99 --c++14 --language=+volatile --exceptions --anachronisms --fp-model=3 -O0 --tradeoff=4 --compact-max-size=200 -g -Wc-w544 -Wc-w557 -Ctc27xd -Y0 -N0 -Z0 -o "Libraries/iLLD/TC27D/Tricore/Gtm/Std/IfxGtm.src" "../Libraries/iLLD/TC27D/Tricore/Gtm/Std/IfxGtm.c"
cctc -cs --dep-file="Libraries/iLLD/TC27D/Tricore/Gtm/Std/IfxGtm_Cmu.d" --misrac-version=2004 -D__CPU__=tc27xd "-fC:/Users/USER/AURIX-v1.10.6-workspace/HelloWorld/TriCore Debug (TASKING)/TASKING_C_C___Compiler-Include_paths__-I_.opt" --iso=99 --c++14 --language=+volatile --exceptions --anachronisms --fp-model=3 -O0 --tradeoff=4 --compact-max-size=200 -g -Wc-w544 -Wc-w557 -Ctc27xd -Y0 -N0 -Z0 -o "Libraries/iLLD/TC27D/Tricore/Gtm/Std/IfxGtm_Cmu.src" "../Libraries/iLLD/TC27D/Tricore/Gtm/Std/IfxGtm_Cmu.c"
cctc -cs --dep-file="Libraries/iLLD/TC27D/Tricore/Cpu/Trap/IfxCpu_Trap.d" --misrac-version=2004 -D__CPU__=tc27xd "-fC:/Users/USER/AURIX-v1.10.6-workspace/HelloWorld/TriCore Debug (TASKING)/TASKING_C_C___Compiler-Include_paths__-I_.opt" --iso=99 --c++14 --language=+volatile --exceptions --anachronisms --fp-model=3 -O0 --tradeoff=4 --compact-max-size=200 -g -Wc-w544 -Wc-w557 -Ctc27xd -Y0 -N0 -Z0 -o "Libraries/iLLD/TC27D/Tricore/Cpu/Trap/IfxCpu_Trap.src" "../Libraries/iLLD/TC27D/Tricore/Cpu/Trap/IfxCpu_Trap.c"
cctc -cs --dep-file="Libraries/iLLD/TC27D/Tricore/Cpu/Std/IfxCpu.d" --misrac-version=2004 -D__CPU__=tc27xd "-fC:/Users/USER/AURIX-v1.10.6-workspace/HelloWorld/TriCore Debug (TASKING)/TASKING_C_C___Compiler-Include_paths__-I_.opt" --iso=99 --c++14 --language=+volatile --exceptions --anachronisms --fp-model=3 -O0 --tradeoff=4 --compact-max-size=200 -g -Wc-w544 -Wc-w557 -Ctc27xd -Y0 -N0 -Z0 -o "Libraries/iLLD/TC27D/Tricore/Cpu/Std/IfxCpu.src" "../Libraries/iLLD/TC27D/Tricore/Cpu/Std/IfxCpu.c"
cctc -cs --dep-file="Libraries/iLLD/TC27D/Tricore/Cpu/Irq/IfxCpu_Irq.d" --misrac-version=2004 -D__CPU__=tc27xd "-fC:/Users/USER/AURIX-v1.10.6-workspace/HelloWorld/TriCore Debug (TASKING)/TASKING_C_C___Compiler-Include_paths__-I_.opt" --iso=99 --c++14 --language=+volatile --exceptions --anachronisms --fp-model=3 -O0 --tradeoff=4 --compact-max-size=200 -g -Wc-w544 -Wc-w557 -Ctc27xd -Y0 -N0 -Z0 -o "Libraries/iLLD/TC27D/Tricore/Cpu/Irq/IfxCpu_Irq.src" "../Libraries/iLLD/TC27D/Tricore/Cpu/Irq/IfxCpu_Irq.c"
cctc -cs --dep-file="Libraries/iLLD/TC27D/Tricore/Cpu/CStart/IfxCpu_CStart0.d" --misrac-version=2004 -D__CPU__=tc27xd "-fC:/Users/USER/AURIX-v1.10.6-workspace/HelloWorld/TriCore Debug (TASKING)/TASKING_C_C___Compiler-Include_paths__-I_.opt" --iso=99 --c++14 --language=+volatile --exceptions --anachronisms --fp-model=3 -O0 --tradeoff=4 --compact-max-size=200 -g -Wc-w544 -Wc-w557 -Ctc27xd -Y0 -N0 -Z0 -o "Libraries/iLLD/TC27D/Tricore/Cpu/CStart/IfxCpu_CStart0.src" "../Libraries/iLLD/TC27D/Tricore/Cpu/CStart/IfxCpu_CStart0.c"
ctc F109: ["C:\\Users\\USER\\AURIX-v1.10.6-workspace\\HelloWorld\\Libraries\\iLLD\\TC27D\\Tricore\Cpu\Std\IfxCpu.h" 28/20] opening "C:\\Users\\USER\\AURIX-v1.10.6-workspace\\HelloWorld\\Libraries\\iLLD\\TC27D\\Tricore\Cpu\Std\IfxCpu.h" failed: Too many open files
amk E452: ["Libraries/iLLD/TC27D/Tricore/_Impl/subdir.mk" 157/0] target 'Libraries/iLLD/TC27D/Tricore/_Impl/IfxMtu_cfg.src' returned exit code 1
ctc F109: ["C:\\Users\\USER\\AURIX-v1.10.6-workspace\\HelloWorld\\Libraries\\iLLD\\TC27D\\Tricore\Cpu\Std\IfxCpu.h" 28/20] opening "C:\\Users\\USER\\AURIX-v1.10.6-workspace\\HelloWorld\\Libraries\\iLLD\\TC27D\\Tricore\Cpu\Std\IfxCpu.h" failed: Too many open files
amk E452: ["Libraries/iLLD/TC27D/Tricore/Scu/Std/subdir.mk" 33/0] target 'Libraries/iLLD/TC27D/Tricore/Scu/Std/IfxScuEru.src' returned exit code 1
ctc F109: ["C:\\Users\\USER\\AURIX-v1.10.6-workspace\\HelloWorld\\Libraries\\iLLD\\TC27D\\Tricore\Cpu\Std\IfxCpu.h" 28/20] opening "C:\\Users\\USER\\AURIX-v1.10.6-workspace\\HelloWorld\\Libraries\\iLLD\\TC27D\\Tricore\Cpu\Std\IfxCpu.h" failed: Too many open files
amk E452: ["Libraries/iLLD/TC27D/Tricore/Stm/Std/subdir.mk" 21/0] target 'Libraries/iLLD/TC27D/Tricore/Stm/Std/IfxStm.src' returned exit code 1
ctc F109: ["..\Libraries\iLLD\TC27D\Tricore\Cpu\Std\IfxCpu.h" 28/20] opening "..\Libraries\iLLD\TC27D\Tricore\Cpu\Std\IfxCpu.h" failed: Too many open files
amk E452: ["Libraries/iLLD/TC27D/Tricore/Cpu/Std/subdir.mk" 21/0] target 'Libraries/iLLD/TC27D/Tricore/Cpu/Std/IfxCpu.src' returned exit code 1
ctc F109: ["C:\\Users\\USER\\AURIX-v1.10.6-workspace\\HelloWorld\\Libraries\\iLLD\\TC27D\\Tricore\Cpu\Std\IfxCpu.h" 28/20] opening "C:\\Users\\USER\\AURIX-v1.10.6-workspace\\HelloWorld\\Libraries\\iLLD\\TC27D\\Tricore\Cpu\Std\IfxCpu.h" failed: Too many open files
amk E452: ["Libraries/iLLD/TC27D/Tricore/Mtu/Std/subdir.mk" 21/0] target 'Libraries/iLLD/TC27D/Tricore/Mtu/Std/IfxMtu.src' returned exit code 1
ctc F109: ["C:\\Users\\USER\\AURIX-v1.10.6-workspace\\HelloWorld\\Libraries\\iLLD\\TC27D\\Tricore\Cpu\Std\IfxCpu.h" 27/23] opening "C:\\Users\\USER\\AURIX-v1.10.6-workspace\\HelloWorld\\Libraries\\iLLD\\TC27D\\Tricore\Cpu\Std\Ifx_Types.h" failed: Too many open files
amk E452: ["Libraries/iLLD/TC27D/Tricore/Scu/Std/subdir.mk" 29/0] target 'Libraries/iLLD/TC27D/Tricore/Scu/Std/IfxScuCcu.src' returned exit code 1
ctc F109: ["C:\\Users\\USER\\AURIX-v1.10.6-workspace\\HelloWorld\\Libraries\\iLLD\\TC27D\\Tricore\Cpu\Std\IfxCpu.h" 28/20] opening "C:\\Users\\USER\\AURIX-v1.10.6-workspace\\HelloWorld\\Libraries\\iLLD\\TC27D\\Tricore\Cpu\Std\IfxCpu.h" failed: Too many open files
amk E452: ["Libraries/iLLD/TC27D/Tricore/Gtm/Std/subdir.mk" 45/0] target 'Libraries/iLLD/TC27D/Tricore/Gtm/Std/IfxGtm.src' returned exit code 1
ctc F109: ["C:\\Users\\USER\\AURIX-v1.10.6-workspace\\HelloWorld\\Libraries\\iLLD\\TC27D\\Tricore\Cpu\Std\IfxCpu.h" 28/20] opening "C:\\Users\\USER\\AURIX-v1.10.6-workspace\\HelloWorld\\Libraries\\iLLD\\TC27D\\Tricore\Cpu\Std\IfxCpu.h" failed: Too many open files
amk E452: ["Libraries/iLLD/TC27D/Tricore/Gtm/Std/subdir.mk" 53/0] target 'Libraries/iLLD/TC27D/Tricore/Gtm/Std/IfxGtm_Cmu.src' returned exit code 1
ctc F109: ["C:\\Users\\USER\\AURIX-v1.10.6-workspace\\HelloWorld\\Libraries\\iLLD\\TC27D\\Tricore\Cpu\Std\IfxCpu.h" 27/23] opening "C:\\Users\\USER\\AURIX-v1.10.6-workspace\\HelloWorld\\Libraries\\iLLD\\TC27D\\Tricore\Cpu\Std\Ifx_Types.h" failed: Too many open files
amk E452: ["Libraries/iLLD/TC27D/Tricore/Cpu/Irq/subdir.mk" 21/0] target 'Libraries/iLLD/TC27D/Tricore/Cpu/Irq/IfxCpu_Irq.src' returned exit code 1
ctc F109: ["C:\\Users\\USER\\AURIX-v1.10.6-workspace\\HelloWorld\\Libraries\\iLLD\\TC27D\\Tricore\Cpu\Std\IfxCpu.h" 27/23] opening "C:\\Users\\USER\\AURIX-v1.10.6-workspace\\HelloWorld\\Libraries\\iLLD\\TC27D\\Tricore\Cpu\Std\Ifx_Types.h" failed: Too many open files
amk E452: ["Libraries/iLLD/TC27D/Tricore/Scu/Std/subdir.mk" 37/0] target 'Libraries/iLLD/TC27D/Tricore/Scu/Std/IfxScuWdt.src' returned exit code 1
ctc F109: ["C:\\Users\\USER\\AURIX-v1.10.6-workspace\\HelloWorld\\Libraries\\iLLD\\TC27D\\Tricore\Cpu\Std\IfxCpu.h" 27/23] opening "C:\\Users\\USER\\AURIX-v1.10.6-workspace\\HelloWorld\\Libraries\\iLLD\\TC27D\\Tricore\Cpu\Std\Ifx_Types.h" failed: Too many open files
amk E452: ["Libraries/iLLD/TC27D/Tricore/Cpu/Trap/subdir.mk" 21/0] target 'Libraries/iLLD/TC27D/Tricore/Cpu/Trap/IfxCpu_Trap.src' returned exit code 1
ctc F109: ["C:\\Users\\USER\\AURIX-v1.10.6-workspace\\HelloWorld\\Libraries\\iLLD\\TC27D\\Tricore\Cpu\Std\IfxCpu.h" 27/23] opening "C:\\Users\\USER\\AURIX-v1.10.6-workspace\\HelloWorld\\Libraries\\iLLD\\TC27D\\Tricore\Cpu\Std\Ifx_Types.h" failed: Too many open files
amk E452: ["Libraries/iLLD/TC27D/Tricore/Cpu/CStart/subdir.mk" 29/0] target 'Libraries/iLLD/TC27D/Tricore/Cpu/CStart/IfxCpu_CStart0.src' returned exit code 1
amk E451: make stopped
"amk -j12 all" terminated with exit code 1. Build might be incomplete.

17:33:25 Build Failed. 25 errors, 0 warnings. (took 819ms)

